-------------------------------------------------------------------------------
Test set: com.example.microservices.currencyexchangeservice.CurrencyExchangeServiceApplicationTests
-------------------------------------------------------------------------------
Tests run: 1, Failures: 0, Errors: 1, Skipped: 0, Time elapsed: 4.17 s <<< FAILURE! - in com.example.microservices.currencyexchangeservice.CurrencyExchangeServiceApplicationTests
contextLoads(com.example.microservices.currencyexchangeservice.CurrencyExchangeServiceApplicationTests)  Time elapsed: 0.164 s  <<< ERROR!
java.lang.NoClassDefFoundError: Could not initialize class org.codehaus.groovy.reflection.ReflectionCache

